Temp/gradleOut/launcher/build/intermediates/manifest_merge_blame_file/release/manifest-merger-blame-release-report.txt
1<?xml version="1.0" encoding="utf-8"?>
2<!-- GENERATED BY UNITY. REMOVE THIS COMMENT TO PREVENT OVERWRITING WHEN EXPORTING AGAIN -->
3<manifest xmlns:android="http://schemas.android.com/apk/res/android"
4    package="com.rvl224.ZZZ"
5    android:installLocation="preferExternal"
6    android:versionCode="1"
7    android:versionName="0.1" >
8
9    <uses-sdk
10        android:minSdkVersion="24"
10-->src\main\AndroidManifest.xml
11        android:targetSdkVersion="29" />
11-->src\main\AndroidManifest.xml
12
13    <supports-screens
13-->src\main\AndroidManifest.xml:4:3-163
14        android:anyDensity="true"
14-->src\main\AndroidManifest.xml:4:135-160
15        android:largeScreens="true"
15-->src\main\AndroidManifest.xml:4:78-105
16        android:normalScreens="true"
16-->src\main\AndroidManifest.xml:4:49-77
17        android:smallScreens="true"
17-->src\main\AndroidManifest.xml:4:21-48
18        android:xlargeScreens="true" />
18-->src\main\AndroidManifest.xml:4:106-134
19
20    <uses-feature android:glEsVersion="0x00030000" />
20-->[:unityLibrary] AndroidManifest.xml:13:5-54
20-->[:unityLibrary] AndroidManifest.xml:13:19-51
21
22    <uses-permission android:name="android.permission.CAMERA" />
22-->[:unityLibrary] AndroidManifest.xml:15:5-65
22-->[:unityLibrary] AndroidManifest.xml:15:22-62
23    <uses-permission android:name="android.permission.INTERNET" />
23-->[:unityLibrary] AndroidManifest.xml:16:5-67
23-->[:unityLibrary] AndroidManifest.xml:16:22-64
24    <uses-permission android:name="android.permission.CHANGE_WIFI_MULTICAST_STATE" />
24-->[:unityLibrary] AndroidManifest.xml:17:5-86
24-->[:unityLibrary] AndroidManifest.xml:17:22-83
25
26    <uses-feature
26-->[:unityLibrary] AndroidManifest.xml:19:5-21:36
27        android:name="android.hardware.touchscreen"
27-->[:unityLibrary] AndroidManifest.xml:20:9-52
28        android:required="false" />
28-->[:unityLibrary] AndroidManifest.xml:21:9-33
29    <uses-feature
29-->[:unityLibrary] AndroidManifest.xml:22:5-24:36
30        android:name="android.hardware.touchscreen.multitouch"
30-->[:unityLibrary] AndroidManifest.xml:23:9-63
31        android:required="false" />
31-->[:unityLibrary] AndroidManifest.xml:24:9-33
32    <uses-feature
32-->[:unityLibrary] AndroidManifest.xml:25:5-27:36
33        android:name="android.hardware.touchscreen.multitouch.distinct"
33-->[:unityLibrary] AndroidManifest.xml:26:9-72
34        android:required="false" />
34-->[:unityLibrary] AndroidManifest.xml:27:9-33
35    <uses-feature
35-->[:google_ar_required:] AndroidManifest.xml:9:5-11:35
36        android:name="android.hardware.camera.ar"
36-->[:google_ar_required:] AndroidManifest.xml:10:9-50
37        android:required="true" />
37-->[:google_ar_required:] AndroidManifest.xml:11:9-32
38
39    <application
39-->src\main\AndroidManifest.xml:5:3-116
40        android:extractNativeLibs="true"
40-->src\main\AndroidManifest.xml:5:16-48
41        android:icon="@mipmap/app_icon"
41-->src\main\AndroidManifest.xml:5:82-113
42        android:label="@string/app_name" >
42-->src\main\AndroidManifest.xml:5:49-81
43        <activity
43-->[:unityLibrary] AndroidManifest.xml:30:9-49:20
44            android:name="com.unity3d.player.UnityPlayerActivity"
44-->[:unityLibrary] AndroidManifest.xml:31:13-66
45            android:configChanges="mcc|mnc|locale|touchscreen|keyboard|keyboardHidden|navigation|orientation|screenLayout|uiMode|screenSize|smallestScreenSize|fontScale|layoutDirection|density"
45-->[:unityLibrary] AndroidManifest.xml:32:13-194
46            android:hardwareAccelerated="false"
46-->[:unityLibrary] AndroidManifest.xml:33:13-48
47            android:launchMode="singleTask"
47-->[:unityLibrary] AndroidManifest.xml:34:13-44
48            android:screenOrientation="fullSensor"
48-->[:unityLibrary] AndroidManifest.xml:35:13-51
49            android:theme="@style/UnityThemeSelector" >
49-->[:unityLibrary] AndroidManifest.xml:36:13-54
50            <intent-filter>
50-->[:unityLibrary] AndroidManifest.xml:37:13-41:29
51                <action android:name="android.intent.action.MAIN" />
51-->[:unityLibrary] AndroidManifest.xml:38:17-69
51-->[:unityLibrary] AndroidManifest.xml:38:25-66
52
53                <category android:name="android.intent.category.LAUNCHER" />
53-->[:unityLibrary] AndroidManifest.xml:40:17-77
53-->[:unityLibrary] AndroidManifest.xml:40:27-74
54            </intent-filter>
55
56            <meta-data
56-->[:unityLibrary] AndroidManifest.xml:43:13-45:40
57                android:name="unityplayer.UnityActivity"
57-->[:unityLibrary] AndroidManifest.xml:44:17-57
58                android:value="true" />
58-->[:unityLibrary] AndroidManifest.xml:45:17-37
59            <meta-data
59-->[:unityLibrary] AndroidManifest.xml:46:13-48:40
60                android:name="android.notch_support"
60-->[:unityLibrary] AndroidManifest.xml:47:17-53
61                android:value="true" />
61-->[:unityLibrary] AndroidManifest.xml:48:17-37
62        </activity>
63
64        <meta-data
64-->[:unityLibrary] AndroidManifest.xml:51:9-53:36
65            android:name="unity.arcore-enable"
65-->[:unityLibrary] AndroidManifest.xml:52:13-47
66            android:value="true" />
66-->[:unityLibrary] AndroidManifest.xml:53:13-33
67        <meta-data
67-->[:unityLibrary] AndroidManifest.xml:54:9-56:36
68            android:name="unityplayer.SkipPermissionsDialog"
68-->[:unityLibrary] AndroidManifest.xml:55:13-61
69            android:value="true" />
69-->[:unityLibrary] AndroidManifest.xml:56:13-33
70        <meta-data
70-->[:unityLibrary] AndroidManifest.xml:57:9-59:33
71            android:name="unity.splash-mode"
71-->[:unityLibrary] AndroidManifest.xml:58:13-45
72            android:value="0" />
72-->[:unityLibrary] AndroidManifest.xml:59:13-30
73        <meta-data
73-->[:unityLibrary] AndroidManifest.xml:60:9-62:36
74            android:name="unity.splash-enable"
74-->[:unityLibrary] AndroidManifest.xml:61:13-47
75            android:value="True" />
75-->[:unityLibrary] AndroidManifest.xml:62:13-33
76        <meta-data
76-->[:unityLibrary] AndroidManifest.xml:63:9-65:50
77            android:name="notch.config"
77-->[:unityLibrary] AndroidManifest.xml:64:13-40
78            android:value="portrait|landscape" />
78-->[:unityLibrary] AndroidManifest.xml:65:13-47
79        <meta-data
79-->[:unityLibrary] AndroidManifest.xml:66:9-68:68
80            android:name="unity.build-id"
80-->[:unityLibrary] AndroidManifest.xml:67:13-42
81            android:value="f8ae9fec-9573-407c-889b-1236d19aba83" /> <!-- The minimal version code of ARCore APK required for an app using this SDK. -->
81-->[:unityLibrary] AndroidManifest.xml:68:13-65
82        <meta-data
82-->[:arcore_client:] AndroidManifest.xml:32:9-34:41
83            android:name="com.google.ar.core.min_apk_version"
83-->[:arcore_client:] AndroidManifest.xml:33:13-62
84            android:value="200501000" /> <!-- This activity is critical for installing ARCore when it is not already present. -->
84-->[:arcore_client:] AndroidManifest.xml:34:13-38
85        <activity
85-->[:arcore_client:] AndroidManifest.xml:36:9-42:80
86            android:name="com.google.ar.core.InstallActivity"
86-->[:arcore_client:] AndroidManifest.xml:37:13-62
87            android:configChanges="keyboardHidden|orientation|screenSize"
87-->[:arcore_client:] AndroidManifest.xml:38:13-74
88            android:excludeFromRecents="true"
88-->[:arcore_client:] AndroidManifest.xml:39:13-46
89            android:exported="false"
89-->[:arcore_client:] AndroidManifest.xml:40:13-37
90            android:launchMode="singleTop"
90-->[:arcore_client:] AndroidManifest.xml:41:13-43
91            android:theme="@android:style/Theme.Material.Light.Dialog.Alert" />
91-->[:arcore_client:] AndroidManifest.xml:42:13-77
92
93        <meta-data
93-->[:google_ar_required:] AndroidManifest.xml:14:9-16:40
94            android:name="com.google.ar.core"
94-->[:google_ar_required:] AndroidManifest.xml:15:13-46
95            android:value="required" />
95-->[:google_ar_required:] AndroidManifest.xml:16:13-37
96    </application>
97
98</manifest>